SF:lib\app\core\connectivity\domain\connectivity_service.dart
DA:10,0
DA:13,0
DA:14,0
DA:15,0
DA:16,0
LF:5
LH:0
end_of_record
SF:lib\app\modules\login\domain\entities\user.dart
DA:8,1
DA:10,0
DA:11,0
LF:3
LH:1
end_of_record
SF:lib\app\modules\login\domain\errors\errors.dart
DA:6,1
LF:1
LH:1
end_of_record
SF:lib\app\modules\login\domain\errors\messages.dart
DA:2,1
LF:1
LH:1
end_of_record
SF:lib\app\modules\login\domain\usecases\login_with_google.dart
DA:21,1
DA:23,1
DA:24,3
DA:27,3
DA:29,3
LF:5
LH:5
end_of_record
SF:lib\app\modules\login\domain\usecases\login_with_google.g.dart
DA:9,0
LF:1
LH:0
end_of_record
