SF:lib\app\commons\domain\entities\user_entity.dart
DA:9,0
DA:15,0
DA:16,0
DA:19,0
DA:20,0
DA:21,0
DA:22,0
DA:25,0
DA:26,0
DA:29,0
DA:30,0
DA:31,0
DA:32,0
DA:35,0
DA:36,0
LF:15
LH:0
end_of_record
SF:lib\app\core\connectivity\domain\errors\errors.dart
DA:6,1
LF:1
LH:1
end_of_record
SF:lib\app\modules\login\domain\entities\credentials.dart
DA:8,1
DA:10,0
DA:11,0
DA:12,0
DA:13,0
DA:14,0
DA:15,0
DA:16,0
LF:8
LH:1
end_of_record
SF:lib\app\modules\login\domain\errors\errors.dart
DA:7,1
DA:15,0
DA:21,0
DA:27,0
DA:34,0
LF:5
LH:1
end_of_record
SF:lib\app\modules\login\domain\errors\messages.dart
DA:3,1
DA:5,0
DA:8,0
DA:10,0
DA:12,0
DA:14,0
DA:16,0
DA:19,0
DA:21,0
DA:24,0
DA:27,0
DA:31,0
DA:34,0
LF:13
LH:1
end_of_record
SF:lib\app\modules\login\domain\usecases\login_with_email.dart
DA:23,1
DA:25,1
DA:26,3
DA:27,1
DA:28,1
DA:29,2
DA:33,0
DA:34,0
DA:35,0
DA:36,0
DA:41,0
LF:11
LH:6
end_of_record
SF:lib\app\modules\login\domain\usecases\login_with_email.g.dart
DA:9,0
DA:10,0
DA:11,0
LF:3
LH:0
end_of_record
